<?xml version="1.0" encoding="UTF-8"?>
<!-- Generated by org.testng.reporters.JUnitReportReporter -->
<testsuite hostname="del1-lhp-n72038" failures="0" tests="1" name="testNG.TestNGTestOne" time="7.651" errors="0" timestamp="2021-08-10T18:43:03 IST" skipped="0">
  <testcase classname="testNG.TestNGTestOne" name="f" time="7.651"/>
  <system-out/>
</testsuite> <!-- testNG.TestNGTestOne -->
