<?xml version="1.0" encoding="UTF-8"?>
<!-- Generated by org.testng.reporters.JUnitReportReporter -->
<testsuite hostname="del1-lhp-n72038" failures="0" tests="1" name="org.insurity.glp.automation.TestNG.TestNGTestOne" time="5.926" errors="0" timestamp="2021-08-10T15:12:31 IST" skipped="0">
  <testcase classname="org.insurity.glp.automation.TestNG.TestNGTestOne" name="f" time="5.926"/>
  <system-out/>
</testsuite> <!-- org.insurity.glp.automation.TestNG.TestNGTestOne -->
